<?xml version="1.0" encoding="UTF-8"?>
<!-- Generated by org.testng.reporters.JUnitReportReporter -->
<testsuite hostname="LAPTOP-VOLMNLU5" failures="0" tests="1" name="CucumberOptions.TestNGTestRunner" time="8.701" errors="0" timestamp="2023-11-27T23:21:38 IST" skipped="0">
  <testcase classname="CucumberOptions.TestNGTestRunner" name="runScenario" time="8.701"/>
</testsuite> <!-- CucumberOptions.TestNGTestRunner -->
